<?xml version="1.0" encoding="UTF-8"?>
<testng-results ignored="0" total="4" passed="3" failed="1" skipped="0">
  <reporter-output>
  </reporter-output>
  <suite started-at="2025-07-22T22:37:55 IST" name="EntrataTestSuite" finished-at="2025-07-22T22:40:44 IST" duration-ms="169689">
    <groups>
    </groups>
    <test started-at="2025-07-22T22:37:55 IST" name="EntrataHomeTest" finished-at="2025-07-22T22:40:44 IST" duration-ms="169689">
      <class name="Module1_Test.EntrataHomeTestPage">
        <test-method is-config="true" signature="setupReport()[pri:0, instance:Module1_Test.EntrataHomeTestPage@2e385cce]" started-at="2025-07-22T22:37:52 IST" name="setupReport" finished-at="2025-07-22T22:37:55 IST" duration-ms="3034" status="PASS">
          <reporter-output>
          </reporter-output>
        </test-method> <!-- setupReport -->
        <test-method is-config="true" signature="setup(java.lang.String)[pri:0, instance:Module1_Test.EntrataHomeTestPage@2e385cce]" started-at="2025-07-22T22:37:55 IST" name="setup" finished-at="2025-07-22T22:38:17 IST" duration-ms="22513" status="PASS">
          <params>
            <param index="0">
              <value>
                <![CDATA[https://www.entrata.com/]]>
              </value>
            </param>
          </params>
          <reporter-output>
          </reporter-output>
        </test-method> <!-- setup -->
        <test-method signature="verifyHomePageTitle()[pri:1, instance:Module1_Test.EntrataHomeTestPage@2e385cce]" started-at="2025-07-22T22:38:18 IST" name="verifyHomePageTitle" finished-at="2025-07-22T22:40:13 IST" duration-ms="115542" status="PASS">
          <reporter-output>
          </reporter-output>
        </test-method> <!-- verifyHomePageTitle -->
        <test-method is-config="true" signature="logoutFromApp(org.testng.ITestResult)[pri:0, instance:Module1_Test.EntrataHomeTestPage@2e385cce]" started-at="2025-07-22T22:40:13 IST" name="logoutFromApp" finished-at="2025-07-22T22:40:14 IST" duration-ms="52" status="PASS">
          <params>
            <param index="0">
              <value>
                <![CDATA[[TestResult name=verifyHomePageTitle status=SUCCESS method=EntrataHomeTestPage.verifyHomePageTitle()[pri:1, instance:Module1_Test.EntrataHomeTestPage@2e385cce] output={null}]]]>
              </value>
            </param>
          </params>
          <reporter-output>
          </reporter-output>
        </test-method> <!-- logoutFromApp -->
        <test-method signature="navigate_to_signup()[pri:2, instance:Module1_Test.EntrataHomeTestPage@2e385cce]" started-at="2025-07-22T22:40:14 IST" name="navigate_to_signup" finished-at="2025-07-22T22:40:40 IST" duration-ms="26177" status="PASS">
          <reporter-output>
          </reporter-output>
        </test-method> <!-- navigate_to_signup -->
        <test-method is-config="true" signature="logoutFromApp(org.testng.ITestResult)[pri:0, instance:Module1_Test.EntrataHomeTestPage@2e385cce]" started-at="2025-07-22T22:40:40 IST" name="logoutFromApp" finished-at="2025-07-22T22:40:40 IST" duration-ms="2" status="PASS">
          <params>
            <param index="0">
              <value>
                <![CDATA[[TestResult name=navigate_to_signup status=SUCCESS method=EntrataHomeTestPage.navigate_to_signup()[pri:2, instance:Module1_Test.EntrataHomeTestPage@2e385cce] output={null}]]]>
              </value>
            </param>
          </params>
          <reporter-output>
          </reporter-output>
        </test-method> <!-- logoutFromApp -->
        <test-method signature="logintoapp()[pri:3, instance:Module1_Test.EntrataHomeTestPage@2e385cce]" started-at="2025-07-22T22:40:40 IST" name="logintoapp" finished-at="2025-07-22T22:40:42 IST" duration-ms="1926" status="PASS">
          <reporter-output>
          </reporter-output>
        </test-method> <!-- logintoapp -->
        <test-method is-config="true" signature="logoutFromApp(org.testng.ITestResult)[pri:0, instance:Module1_Test.EntrataHomeTestPage@2e385cce]" started-at="2025-07-22T22:40:42 IST" name="logoutFromApp" finished-at="2025-07-22T22:40:42 IST" duration-ms="2" status="PASS">
          <params>
            <param index="0">
              <value>
                <![CDATA[[TestResult name=logintoapp status=SUCCESS method=EntrataHomeTestPage.logintoapp()[pri:3, instance:Module1_Test.EntrataHomeTestPage@2e385cce] output={null}]]]>
              </value>
            </param>
          </params>
          <reporter-output>
          </reporter-output>
        </test-method> <!-- logoutFromApp -->
        <test-method signature="verifyerrormessage()[pri:4, instance:Module1_Test.EntrataHomeTestPage@2e385cce]" started-at="2025-07-22T22:40:42 IST" name="verifyerrormessage" finished-at="2025-07-22T22:40:42 IST" duration-ms="199" status="FAIL">
          <exception class="java.io.FileNotFoundException">
            <message>
              <![CDATA[C:\Users\dhira\eclipse-workspace\Entrata_project_assesment_sample\framework.xlsx (The system cannot find the file specified)]]>
            </message>
            <full-stacktrace>
              <![CDATA[java.io.FileNotFoundException: C:\Users\dhira\eclipse-workspace\Entrata_project_assesment_sample\framework.xlsx (The system cannot find the file specified)
at java.base/java.io.FileInputStream.open0(Native Method)
at java.base/java.io.FileInputStream.open(FileInputStream.java:213)
at java.base/java.io.FileInputStream.<init>(FileInputStream.java:152)
at java.base/java.io.FileInputStream.<init>(FileInputStream.java:106)
at LibraryFile.UtilityClass.getTD(UtilityClass.java:22)
at Module1_Test.EntrataHomeTestPage.verifyerrormessage(EntrataHomeTestPage.java:67)
at java.base/jdk.internal.reflect.DirectMethodHandleAccessor.invoke(DirectMethodHandleAccessor.java:103)
at java.base/java.lang.reflect.Method.invoke(Method.java:580)
at org.testng.internal.invokers.MethodInvocationHelper.invokeMethod(MethodInvocationHelper.java:139)
at org.testng.internal.invokers.TestInvoker.invokeMethod(TestInvoker.java:664)
at org.testng.internal.invokers.TestInvoker.invokeTestMethod(TestInvoker.java:228)
at org.testng.internal.invokers.MethodRunner.runInSequence(MethodRunner.java:63)
at org.testng.internal.invokers.TestInvoker$MethodInvocationAgent.invoke(TestInvoker.java:961)
at org.testng.internal.invokers.TestInvoker.invokeTestMethods(TestInvoker.java:201)
at org.testng.internal.invokers.TestMethodWorker.invokeTestMethods(TestMethodWorker.java:148)
at org.testng.internal.invokers.TestMethodWorker.run(TestMethodWorker.java:128)
at java.base/java.util.ArrayList.forEach(ArrayList.java:1596)
at org.testng.TestRunner.privateRun(TestRunner.java:819)
at org.testng.TestRunner.run(TestRunner.java:619)
at org.testng.SuiteRunner.runTest(SuiteRunner.java:443)
at org.testng.SuiteRunner.runSequentially(SuiteRunner.java:437)
at org.testng.SuiteRunner.privateRun(SuiteRunner.java:397)
at org.testng.SuiteRunner.run(SuiteRunner.java:336)
at org.testng.SuiteRunnerWorker.runSuite(SuiteRunnerWorker.java:52)
at org.testng.SuiteRunnerWorker.run(SuiteRunnerWorker.java:95)
at org.testng.TestNG.runSuitesSequentially(TestNG.java:1301)
at org.testng.TestNG.runSuitesLocally(TestNG.java:1228)
at org.testng.TestNG.runSuites(TestNG.java:1134)
at org.testng.TestNG.run(TestNG.java:1101)
at org.apache.maven.surefire.testng.TestNGExecutor.run(TestNGExecutor.java:308)
at org.apache.maven.surefire.testng.TestNGXmlTestSuite.execute(TestNGXmlTestSuite.java:71)
at org.apache.maven.surefire.testng.TestNGProvider.invoke(TestNGProvider.java:113)
at org.apache.maven.surefire.booter.ForkedBooter.runSuitesInProcess(ForkedBooter.java:385)
at org.apache.maven.surefire.booter.ForkedBooter.execute(ForkedBooter.java:162)
at org.apache.maven.surefire.booter.ForkedBooter.run(ForkedBooter.java:507)
at org.apache.maven.surefire.booter.ForkedBooter.main(ForkedBooter.java:495)
]]>
            </full-stacktrace>
          </exception> <!-- java.io.FileNotFoundException -->
          <reporter-output>
          </reporter-output>
        </test-method> <!-- verifyerrormessage -->
        <test-method is-config="true" signature="logoutFromApp(org.testng.ITestResult)[pri:0, instance:Module1_Test.EntrataHomeTestPage@2e385cce]" started-at="2025-07-22T22:40:42 IST" name="logoutFromApp" finished-at="2025-07-22T22:40:43 IST" duration-ms="918" status="PASS">
          <params>
            <param index="0">
              <value>
                <![CDATA[[TestResult name=verifyerrormessage status=FAILURE method=EntrataHomeTestPage.verifyerrormessage()[pri:4, instance:Module1_Test.EntrataHomeTestPage@2e385cce] output={null}]]]>
              </value>
            </param>
          </params>
          <reporter-output>
          </reporter-output>
        </test-method> <!-- logoutFromApp -->
        <test-method is-config="true" signature="tearDown()[pri:0, instance:Module1_Test.EntrataHomeTestPage@2e385cce]" started-at="2025-07-22T22:40:43 IST" name="tearDown" finished-at="2025-07-22T22:40:44 IST" duration-ms="1180" status="PASS">
          <reporter-output>
          </reporter-output>
        </test-method> <!-- tearDown -->
        <test-method is-config="true" signature="flushReport()[pri:0, instance:Module1_Test.EntrataHomeTestPage@2e385cce]" started-at="2025-07-22T22:40:45 IST" name="flushReport" finished-at="2025-07-22T22:40:47 IST" duration-ms="1985" status="PASS">
          <reporter-output>
          </reporter-output>
        </test-method> <!-- flushReport -->
      </class> <!-- Module1_Test.EntrataHomeTestPage -->
    </test> <!-- EntrataHomeTest -->
  </suite> <!-- EntrataTestSuite -->
</testng-results>
